{
  "stats": {
    "suites": 29,
    "tests": 110,
    "passes": 105,
    "pending": 0,
    "failures": 5,
    "start": "2020-10-13T10:44:31.736Z",
    "end": "2020-10-13T12:48:19.794Z",
    "duration": 7428058,
    "testsRegistered": 110,
    "passPercent": 95.45454545454545,
    "pendingPercent": 0,
    "other": 0,
    "hasOther": false,
    "skipped": 0,
    "hasSkipped": false
  },
  "results": [
    {
      "uuid": "31f88184-e918-4508-bbaf-09199305634b",
      "title": "",
      "fullFile": "",
      "file": "",
      "beforeHooks": [],
      "afterHooks": [],
      "tests": [],
      "suites": [
        {
          "uuid": "c0e59261-dff3-4d56-8acb-4daece130333",
          "title": "Create Conversation and check comments",
          "fullFile": "",
          "file": "",
          "beforeHooks": [
            {
              "title": "\"before all\" hook: codeceptjs.beforeSuite",
              "fullTitle": "Create Conversation and check comments \"before all\" hook: codeceptjs.beforeSuite",
              "timedOut": false,
              "duration": 1934,
              "state": null,
              "speed": null,
              "pass": false,
              "fail": false,
              "pending": false,
              "context": null,
              "code": "scenario.suiteSetup(suite)",
              "err": {},
              "uuid": "cdd6f524-ce00-42ce-a0b2-0bfb3b636814",
              "parentUUID": "c0e59261-dff3-4d56-8acb-4daece130333",
              "isHook": true,
              "skipped": false
            },
            {
              "title": "\"before each\" hook: codeceptjs.before",
              "fullTitle": "Create Conversation and check comments \"before each\" hook: codeceptjs.before",
              "timedOut": false,
              "duration": 10074,
              "state": null,
              "speed": null,
              "pass": false,
              "fail": false,
              "pending": false,
              "context": null,
              "code": "scenario.setup(suite)",
              "err": {},
              "uuid": "d4d61733-792c-4c7b-ad08-24d14d7e95a0",
              "parentUUID": "c0e59261-dff3-4d56-8acb-4daece130333",
              "isHook": true,
              "skipped": false
            },
            {
              "title": "\"before each\" hook: Before",
              "fullTitle": "Create Conversation and check comments \"before each\" hook: Before",
              "timedOut": false,
              "duration": 30168,
              "state": null,
              "speed": null,
              "pass": false,
              "fail": false,
              "pending": false,
              "context": null,
              "code": "runSteps(child.steps)",
              "err": {},
              "uuid": "3fd24377-72b4-4ba5-9c6d-6dfe6dd47e37",
              "parentUUID": "c0e59261-dff3-4d56-8acb-4daece130333",
              "isHook": true,
              "skipped": false
            }
          ],
          "afterHooks": [
            {
              "title": "\"after all\" hook: codeceptjs.afterSuite",
              "fullTitle": "Create Conversation and check comments \"after all\" hook: codeceptjs.afterSuite",
              "timedOut": false,
              "duration": 0,
              "state": null,
              "speed": null,
              "pass": false,
              "fail": false,
              "pending": false,
              "context": null,
              "code": "scenario.suiteTeardown(suite)",
              "err": {},
              "uuid": "1d5cd799-a84f-4135-9da0-9763b510f3f9",
              "parentUUID": "c0e59261-dff3-4d56-8acb-4daece130333",
              "isHook": true,
              "skipped": false
            },
            {
              "title": "\"after each\" hook: codeceptjs.after",
              "fullTitle": "Create Conversation and check comments \"after each\" hook: codeceptjs.after",
              "timedOut": false,
              "duration": 52,
              "state": null,
              "speed": null,
              "pass": false,
              "fail": false,
              "pending": false,
              "context": null,
              "code": "scenario.teardown(suite)",
              "err": {},
              "uuid": "06388330-0844-4dcf-88b4-c8a12b9a8b42",
              "parentUUID": "c0e59261-dff3-4d56-8acb-4daece130333",
              "isHook": true,
              "skipped": false
            }
          ],
          "tests": [
            {
              "title": "Should comment on a conversation and other clients see it {\"title\":\"Some title E2E\",\"client1\":\"hubert10\",\"client2\":\"hubert1\",\"client3\":\"hubert4\",\"comment\":\"Some comment\"}",
              "fullTitle": "Create Conversation and check comments Should comment on a conversation and other clients see it {\"title\":\"Some title E2E\",\"client1\":\"hubert10\",\"client2\":\"hubert1\",\"client3\":\"hubert4\",\"comment\":\"Some comment\"}",
              "timedOut": false,
              "duration": 25391,
              "state": "passed",
              "speed": "slow",
              "pass": true,
              "fail": false,
              "pending": false,
              "context": null,
              "code": "runSteps(addExampleInTable(exampleSteps, current)",
              "err": {},
              "uuid": "03de24c8-e93a-40f6-abe2-3dfc49926aed",
              "parentUUID": "c0e59261-dff3-4d56-8acb-4daece130333",
              "isHook": false,
              "skipped": false
            }
          ],
          "suites": [],
          "passes": [
            "03de24c8-e93a-40f6-abe2-3dfc49926aed"
          ],
          "failures": [],
          "pending": [],
          "skipped": [],
          "duration": 25391,
          "root": false,
          "rootEmpty": false,
          "_timeout": 0
        },
        {
          "uuid": "35e1190a-46d1-4191-8b3e-75d9616e9a13",
          "title": "Sales adds backup sales and they appear as default in the list",
          "fullFile": "",
          "file": "",
          "beforeHooks": [
            {
              "title": "\"before all\" hook: codeceptjs.beforeSuite",
              "fullTitle": "Sales adds backup sales and they appear as default in the list \"before all\" hook: codeceptjs.beforeSuite",
              "timedOut": false,
              "duration": 0,
              "state": null,
              "speed": null,
              "pass": false,
              "fail": false,
              "pending": false,
              "context": null,
              "code": "scenario.suiteSetup(suite)",
              "err": {},
              "uuid": "31a9952c-7af4-4a37-9e9a-4577b55dd2dd",
              "parentUUID": "35e1190a-46d1-4191-8b3e-75d9616e9a13",
              "isHook": true,
              "skipped": false
            },
            {
              "title": "\"before each\" hook: codeceptjs.before",
              "fullTitle": "Sales adds backup sales and they appear as default in the list \"before each\" hook: codeceptjs.before",
              "timedOut": false,
              "duration": 9989,
              "state": null,
              "speed": null,
              "pass": false,
              "fail": false,
              "pending": false,
              "context": null,
              "code": "scenario.setup(suite)",
              "err": {},
              "uuid": "0313f0b8-04a1-4f25-a4fa-5ae8301335d5",
              "parentUUID": "35e1190a-46d1-4191-8b3e-75d9616e9a13",
              "isHook": true,
              "skipped": false
            },
            {
              "title": "\"before each\" hook: Before",
              "fullTitle": "Sales adds backup sales and they appear as default in the list \"before each\" hook: Before",
              "timedOut": false,
              "duration": 7228,
              "state": null,
              "speed": null,
              "pass": false,
              "fail": false,
              "pending": false,
              "context": null,
              "code": "runSteps(child.steps)",
              "err": {},
              "uuid": "174238b0-f251-46a8-9dde-ffcc05e64f2a",
              "parentUUID": "35e1190a-46d1-4191-8b3e-75d9616e9a13",
              "isHook": true,
              "skipped": false
            }
          ],
          "afterHooks": [
            {
              "title": "\"after all\" hook: codeceptjs.afterSuite",
              "fullTitle": "Sales adds backup sales and they appear as default in the list \"after all\" hook: codeceptjs.afterSuite",
              "timedOut": false,
              "duration": 0,
              "state": null,
              "speed": null,
              "pass": false,
              "fail": false,
              "pending": false,
              "context": null,
              "code": "scenario.suiteTeardown(suite)",
              "err": {},
              "uuid": "eea64e35-33e8-432a-bd96-6b9ebc87cdfa",
              "parentUUID": "35e1190a-46d1-4191-8b3e-75d9616e9a13",
              "isHook": true,
              "skipped": false
            },
            {
              "title": "\"after each\" hook: codeceptjs.after",
              "fullTitle": "Sales adds backup sales and they appear as default in the list \"after each\" hook: codeceptjs.after",
              "timedOut": false,
              "duration": 39,
              "state": null,
              "speed": null,
              "pass": false,
              "fail": false,
              "pending": false,
              "context": null,
              "code": "scenario.teardown(suite)",
              "err": {},
              "uuid": "a53aa193-d884-4ffb-b517-db087e096386",
              "parentUUID": "35e1190a-46d1-4191-8b3e-75d9616e9a13",
              "isHook": true,
              "skipped": false
            }
          ],
          "tests": [
            {
              "title": "{\"title\":\"Client invites clients\",\"client\":\"hubert1\",\"segments\":\"My customers\",\"currency\":\"GBP\"}",
              "fullTitle": "Sales adds backup sales and they appear as default in the list {\"title\":\"Client invites clients\",\"client\":\"hubert1\",\"segments\":\"My customers\",\"currency\":\"GBP\"}",
              "timedOut": false,
              "duration": 6316,
              "state": "failed",
              "speed": null,
              "pass": false,
              "fail": true,
              "pending": false,
              "context": null,
              "code": "runSteps(addExampleInTable(exampleSteps, current)",
              "err": {
                "message": "Error: Element \"{null: undefined}\" was not found by text|CSS|XPath",
                "estack": "Element \"{null: undefined}\" was not found by text|CSS|XPath\n\nScenario Steps:\n\n- I.scrollIntoView($members-button, {\"block\":\"center\",\"inline\":\"center\"}) at Object.executeButtonClick (helpers\\actions.js:52:11)\n- I.wait(2) at Object.executeButtonClick (helpers\\actions.js:50:11)\n- I.click($inviteUsers-button) at Object.invite (fragments\\conversation.js:74:7)\n- I.scrollIntoView($inviteUsers-button, {\"block\":\"center\",\"inline\":\"center\"}) at Object.invite (fragments\\conversation.js:73:7)\n- I.waitForElement($inviteUsers-button, 5) at Object.invite (fragments\\conversation.js:72:7)\n- I.wait(2) at Object.executeButtonClick (helpers\\actions.js:9:11)\n- I.click(\"//span[text()=\"adam smith\"]/../../../../../..//div[@data-automation=\"control\"]//div[@role=\"button\"]\") at Object.waitForElementAndClick (steps_file.js:10:12)\n- I.waitForElement(\"//span[text()=\"adam smith\"]/../../../../../..//div[@data-automation=\"control\"]//div[@role=\"button\"]\", 20) at Object.waitForElementAndClick (steps_file.js:9:12)\n- I.click(\"//span[text()=\"fred alleno\"]/../../../../../..//div[@data-automation=\"control\"]//div[@role=\"button\"]\") at Object.waitForElementAndClick (steps_file.js:10:12)\n- I.waitForElement(\"//span[text()=\"fred alleno\"]/../../../../../..//div[@data-automation=\"control\"]//div[@role=\"button\"]\", 20) at Object.waitForElementAndClick (steps_file.js:9:12)\n- I.click($backupSales-tab) at Object.waitForElementAndClick (steps_file.js:10:12)\n- I.waitForElement($backupSales-tab, 20) at Object.waitForElementAndClick (steps_file.js:9:12)\n- I.amOnPage(\"/profile\") at C:\\Users\\marko\\Desktop\\devance\\packages\\codecept-e2e\\step_definitions\\navigation.js:7:5\n- I.sendMutation(\"\n      mutation clearBackupSales {\n        clearBackupSales {\n          ok\n        }\n      }\n    \", {}, {}, {\"authheader\":\"eyJhbGciOiJIUzI1NiIsInR5cCI6IkpXVCJ9.eyJpZCI6IjVmODU4NTVmNDE4MzE1M2IzMDIxZGVkNyIsImlhdCI6MTYwMjU4NTk1MX0.iBCgqBoIOPZ59vpDGxa9zMg6Lxjhk1L_SPybg0re9tM\",\"Content-Type\":\"application/json\"}) at C:\\Users\\marko\\Desktop\\devance\\packages\\codecept-e2e\\step_definitions\\profile.js:26:13\n\n",
                "diff": null
              },
              "uuid": "a9f2069c-4be4-4f36-ba8d-168e1569509a",
              "parentUUID": "35e1190a-46d1-4191-8b3e-75d9616e9a13",
              "isHook": false,
              "skipped": false
            }
          ],
          "suites": [],
          "passes": [],
          "failures": [
            "a9f2069c-4be4-4f36-ba8d-168e1569509a"
          ],
          "pending": [],
          "skipped": [],
          "duration": 6316,
          "root": false,
          "rootEmpty": false,
          "_timeout": 0
        },
        {
          "uuid": "02e85dc0-fa85-41fe-b19f-12adf72309c8",
          "title": "Create a collaborative conversation",
          "fullFile": "",
          "file": "",
          "beforeHooks": [
            {
              "title": "\"before all\" hook: codeceptjs.beforeSuite",
              "fullTitle": "Create a collaborative conversation \"before all\" hook: codeceptjs.beforeSuite",
              "timedOut": false,
              "duration": 1,
              "state": null,
              "speed": null,
              "pass": false,
              "fail": false,
              "pending": false,
              "context": null,
              "code": "scenario.suiteSetup(suite)",
              "err": {},
              "uuid": "e1558927-d977-4600-bc3f-b8a561095feb",
              "parentUUID": "02e85dc0-fa85-41fe-b19f-12adf72309c8",
              "isHook": true,
              "skipped": false
            },
            {
              "title": "\"before each\" hook: codeceptjs.before",
              "fullTitle": "Create a collaborative conversation \"before each\" hook: codeceptjs.before",
              "timedOut": false,
              "duration": 7193,
              "state": null,
              "speed": null,
              "pass": false,
              "fail": false,
              "pending": false,
              "context": null,
              "code": "scenario.setup(suite)",
              "err": {},
              "uuid": "aec99082-ef96-4385-8a95-48e0e95ab6ea",
              "parentUUID": "02e85dc0-fa85-41fe-b19f-12adf72309c8",
              "isHook": true,
              "skipped": false
            },
            {
              "title": "\"before each\" hook: Before",
              "fullTitle": "Create a collaborative conversation \"before each\" hook: Before",
              "timedOut": false,
              "duration": 7159,
              "state": null,
              "speed": null,
              "pass": false,
              "fail": false,
              "pending": false,
              "context": null,
              "code": "runSteps(child.steps)",
              "err": {},
              "uuid": "be11ef8e-7d6c-4229-8bbc-ecd415c8ea62",
              "parentUUID": "02e85dc0-fa85-41fe-b19f-12adf72309c8",
              "isHook": true,
              "skipped": false
            }
          ],
          "afterHooks": [
            {
              "title": "\"after all\" hook: codeceptjs.afterSuite",
              "fullTitle": "Create a collaborative conversation \"after all\" hook: codeceptjs.afterSuite",
              "timedOut": false,
              "duration": 0,
              "state": null,
              "speed": null,
              "pass": false,
              "fail": false,
              "pending": false,
              "context": null,
              "code": "scenario.suiteTeardown(suite)",
              "err": {},
              "uuid": "a01cdf2a-a25b-4a49-bc22-f3879b4ba861",
              "parentUUID": "02e85dc0-fa85-41fe-b19f-12adf72309c8",
              "isHook": true,
              "skipped": false
            },
            {
              "title": "\"after each\" hook: codeceptjs.after",
              "fullTitle": "Create a collaborative conversation \"after each\" hook: codeceptjs.after",
              "timedOut": false,
              "duration": 45,
              "state": null,
              "speed": null,
              "pass": false,
              "fail": false,
              "pending": false,
              "context": null,
              "code": "scenario.teardown(suite)",
              "err": {},
              "uuid": "4062e414-4da1-444e-ad6a-4677b7a40777",
              "parentUUID": "02e85dc0-fa85-41fe-b19f-12adf72309c8",
              "isHook": true,
              "skipped": false
            }
          ],
          "tests": [
            {
              "title": "Should create a collaborative conversation {\"client1\":\"hubert4\",\"client2\":\"hubert1\",\"client3\":\"hubert2\",\"client4\":\"hubert3\"}",
              "fullTitle": "Create a collaborative conversation Should create a collaborative conversation {\"client1\":\"hubert4\",\"client2\":\"hubert1\",\"client3\":\"hubert2\",\"client4\":\"hubert3\"}",
              "timedOut": false,
              "duration": 10152,
              "state": "passed",
              "speed": "slow",
              "pass": true,
              "fail": false,
              "pending": false,
              "context": null,
              "code": "runSteps(addExampleInTable(exampleSteps, current)",
              "err": {},
              "uuid": "ed4447fe-88ae-4fff-bddc-ab2d4a0d4791",
              "parentUUID": "02e85dc0-fa85-41fe-b19f-12adf72309c8",
              "isHook": false,
              "skipped": false
            }
          ],
          "suites": [],
          "passes": [
            "ed4447fe-88ae-4fff-bddc-ab2d4a0d4791"
          ],
          "failures": [],
          "pending": [],
          "skipped": [],
          "duration": 10152,
          "root": false,
          "rootEmpty": false,
          "_timeout": 0
        },
        {
          "uuid": "93dddc30-46af-4dad-baf5-852a65fdb237",
          "title": "New Conversation with a new sales and reposted by new sales",
          "fullFile": "",
          "file": "",
          "beforeHooks": [
            {
              "title": "\"before all\" hook: codeceptjs.beforeSuite",
              "fullTitle": "New Conversation with a new sales and reposted by new sales \"before all\" hook: codeceptjs.beforeSuite",
              "timedOut": false,
              "duration": 0,
              "state": null,
              "speed": null,
              "pass": false,
              "fail": false,
              "pending": false,
              "context": null,
              "code": "scenario.suiteSetup(suite)",
              "err": {},
              "uuid": "7e2b6733-2eb3-45f1-8c6b-42751bdb945e",
              "parentUUID": "93dddc30-46af-4dad-baf5-852a65fdb237",
              "isHook": true,
              "skipped": false
            },
            {
              "title": "\"before each\" hook: codeceptjs.before",
              "fullTitle": "New Conversation with a new sales and reposted by new sales \"before each\" hook: codeceptjs.before",
              "timedOut": false,
              "duration": 9787,
              "state": null,
              "speed": null,
              "pass": false,
              "fail": false,
              "pending": false,
              "context": null,
              "code": "scenario.setup(suite)",
              "err": {},
              "uuid": "65b95e28-9256-48da-bd4f-0a45986239ee",
              "parentUUID": "93dddc30-46af-4dad-baf5-852a65fdb237",
              "isHook": true,
              "skipped": false
            },
            {
              "title": "\"before each\" hook: Before",
              "fullTitle": "New Conversation with a new sales and reposted by new sales \"before each\" hook: Before",
              "timedOut": false,
              "duration": 41394,
              "state": null,
              "speed": null,
              "pass": false,
              "fail": false,
              "pending": false,
              "context": null,
              "code": "runSteps(child.steps)",
              "err": {},
              "uuid": "b7bbfa5d-a0b6-48fd-afea-739df642d458",
              "parentUUID": "93dddc30-46af-4dad-baf5-852a65fdb237",
              "isHook": true,
              "skipped": false
            }
          ],
          "afterHooks": [
            {
              "title": "\"after all\" hook: codeceptjs.afterSuite",
              "fullTitle": "New Conversation with a new sales and reposted by new sales \"after all\" hook: codeceptjs.afterSuite",
              "timedOut": false,
              "duration": 0,
              "state": null,
              "speed": null,
              "pass": false,
              "fail": false,
              "pending": false,
              "context": null,
              "code": "scenario.suiteTeardown(suite)",
              "err": {},
              "uuid": "5633b274-e581-40f2-b3b2-4d30b0c954d0",
              "parentUUID": "93dddc30-46af-4dad-baf5-852a65fdb237",
              "isHook": true,
              "skipped": false
            },
            {
              "title": "\"after each\" hook: codeceptjs.after",
              "fullTitle": "New Conversation with a new sales and reposted by new sales \"after each\" hook: codeceptjs.after",
              "timedOut": false,
              "duration": 37,
              "state": null,
              "speed": null,
              "pass": false,
              "fail": false,
              "pending": false,
              "context": null,
              "code": "scenario.teardown(suite)",
              "err": {},
              "uuid": "5c2ccd88-9771-438f-a175-4c2bcbafae18",
              "parentUUID": "93dddc30-46af-4dad-baf5-852a65fdb237",
              "isHook": true,
              "skipped": false
            }
          ],
          "tests": [
            {
              "title": "Should create a new conversation with a sales2 and repost it with client, then see all members as sales2 {\"title\":\"e2e conversation with sales\"}",
              "fullTitle": "New Conversation with a new sales and reposted by new sales Should create a new conversation with a sales2 and repost it with client, then see all members as sales2 {\"title\":\"e2e conversation with sales\"}",
              "timedOut": false,
              "duration": 59480,
              "state": "passed",
              "speed": "slow",
              "pass": true,
              "fail": false,
              "pending": false,
              "context": null,
              "code": "runSteps(addExampleInTable(exampleSteps, current)",
              "err": {},
              "uuid": "8ab60e60-0572-4361-bac0-a2c27228f788",
              "parentUUID": "93dddc30-46af-4dad-baf5-852a65fdb237",
              "isHook": false,
              "skipped": false
            },
            {
              "title": "Should create a new conversation with a sales2 and repost it with client, then see all members as client {\"title\":\"e2e conversation with sales\"}",
              "fullTitle": "New Conversation with a new sales and reposted by new sales Should create a new conversation with a sales2 and repost it with client, then see all members as client {\"title\":\"e2e conversation with sales\"}",
              "timedOut": false,
              "duration": 66679,
              "state": "passed",
              "speed": "slow",
              "pass": true,
              "fail": false,
              "pending": false,
              "context": null,
              "code": "runSteps(addExampleInTable(exampleSteps, current)",
              "err": {},
              "uuid": "63db68ce-ceba-44b2-99ee-4ebd43bd8314",
              "parentUUID": "93dddc30-46af-4dad-baf5-852a65fdb237",
              "isHook": false,
              "skipped": false
            },
            {
              "title": "Should create a new conversation with a sales2 and repost it with sales3, then see all members as sales2 {\"title\":\"e2e conversation with sales\"}",
              "fullTitle": "New Conversation with a new sales and reposted by new sales Should create a new conversation with a sales2 and repost it with sales3, then see all members as sales2 {\"title\":\"e2e conversation with sales\"}",
              "timedOut": false,
              "duration": 66231,
              "state": "passed",
              "speed": "slow",
              "pass": true,
              "fail": false,
              "pending": false,
              "context": null,
              "code": "runSteps(addExampleInTable(exampleSteps, current)",
              "err": {},
              "uuid": "e4f4b03b-0b2e-4fa3-9f55-97d543792b10",
              "parentUUID": "93dddc30-46af-4dad-baf5-852a65fdb237",
              "isHook": false,
              "skipped": false
            },
            {
              "title": "Should create a new conversation with a sales2 and repost it with sales3, then see all members as sales3 {\"title\":\"e2e conversation with sales\"}",
              "fullTitle": "New Conversation with a new sales and reposted by new sales Should create a new conversation with a sales2 and repost it with sales3, then see all members as sales3 {\"title\":\"e2e conversation with sales\"}",
              "timedOut": false,
              "duration": 67076,
              "state": "passed",
              "speed": "slow",
              "pass": true,
              "fail": false,
              "pending": false,
              "context": null,
              "code": "runSteps(addExampleInTable(exampleSteps, current)",
              "err": {},
              "uuid": "edc30404-452d-42ce-a399-d82631a976d9",
              "parentUUID": "93dddc30-46af-4dad-baf5-852a65fdb237",
              "isHook": false,
              "skipped": false
            },
            {
              "title": "Should create a new conversation with a sales {\"sales\":\"fred\",\"title\":\"e2e conversation with sales\"}",
              "fullTitle": "New Conversation with a new sales and reposted by new sales Should create a new conversation with a sales {\"sales\":\"fred\",\"title\":\"e2e conversation with sales\"}",
              "timedOut": false,
              "duration": 26749,
              "state": "failed",
              "speed": null,
              "pass": false,
              "fail": true,
              "pending": false,
              "context": null,
              "code": "runSteps(addExampleInTable(exampleSteps, current)",
              "err": {
                "message": "Error: element ([object Object]) still not present on page after 5 sec",
                "estack": "element ([object Object]) still not present on page after 5 sec\n\nScenario Steps:\n\n- I.waitForElement({\"xpath\":\".//*[@data-automation='conversation'][contains(., 'e2e conversation with sales')][contains(., 'e2e conversation with sales')]//img[@alt='adam smith']\"}, 5) at seeUserInConversation (step_definitions\\conversation.js:211:5)\n- I.wait(5) at seeUserInConversation (step_definitions\\conversation.js:210:5)\n- I.amOnPage(\"/conversations\") at C:\\Users\\marko\\Desktop\\devance\\packages\\codecept-e2e\\step_definitions\\navigation.js:7:5\n- I.click($inviteUsers-button) at Object.invite (fragments\\conversation.js:74:7)\n- I.scrollIntoView($inviteUsers-button, {\"block\":\"center\",\"inline\":\"center\"}) at Object.invite (fragments\\conversation.js:73:7)\n- I.waitForElement($inviteUsers-button, 5) at Object.invite (fragments\\conversation.js:72:7)\n- I.wait(2) at Object.executeButtonClick (helpers\\actions.js:9:11)\n- I.click(\"//span[text()=\"fred alleno\"]/../../../../../..//div[@data-automation=\"control\"]//div[@role=\"button\"]\") at Object.waitForElementAndClick (steps_file.js:10:12)\n- I.waitForElement(\"//span[text()=\"fred alleno\"]/../../../../../..//div[@data-automation=\"control\"]//div[@role=\"button\"]\", 20) at Object.waitForElementAndClick (steps_file.js:9:12)\n- I.click($createPublication-button) at Object.waitForElementAndClick (steps_file.js:10:12)\n- I.waitForElement($createPublication-button, 20) at Object.waitForElementAndClick (steps_file.js:9:12)\n- I.waitForVisible($createPublication-button, 5) at Object.submit (fragments\\publication.js:6:7)\n- I.wait(2) at Object.executeButtonClick (helpers\\actions.js:19:11)\n- I.fillField({xpath: .//*[contains(concat(' ', normalize-space(./@class), ' '), ' ql-editor ')][ancestor::*[./@id = 'formula']]}, \"abcxyz\") at Object.setFormula (fragments\\publication.js:180:7)\n- I.wait(2) at Object.setFormula (fragments\\publication.js:178:7)\n- I.fillField($margin-input, \"20\") at Object.setMargin (fragments\\publication.js:167:7)\n- I.click($margin-input) at Object.waitForElementAndClick (steps_file.js:10:12)\n- I.waitForElement($margin-input, 20) at Object.waitForElementAndClick (steps_file.js:9:12)\n- I.fillField([name=title], \"e2e conversation with sales\") at Object.setTitle (fragments\\publication.js:105:7)\n- I.clearField([name=title]) at Object.setTitle (fragments\\publication.js:104:7)\n- I.click([name=title]) at Object.waitForElementAndClick (steps_file.js:10:12)\n- I.waitForElement([name=title], 20) at Object.waitForElementAndClick (steps_file.js:9:12)\n- I.click({xpath: (.//*[./@name = 'type'])[position()=1]}) at Object.waitForElementAndClick (steps_file.js:10:12)\n- I.waitForElement({xpath: (.//*[./@name = 'type'])[position()=1]}, 20) at Object.waitForElementAndClick (steps_file.js:9:12)\n- I.wait(3) at C:\\Users\\marko\\Desktop\\devance\\packages\\codecept-e2e\\step_definitions\\publication.js:7:5\n- I.click($revealing-button) at Object.waitForVisibleAndClick (steps_file.js:14:12)\n- I.waitForVisible($revealing-button, 20) at Object.waitForVisibleAndClick (steps_file.js:13:12)\n- I.amOnPage(\"/conversations\") at C:\\Users\\marko\\Desktop\\devance\\packages\\codecept-e2e\\step_definitions\\navigation.js:7:5\n- I.sendMutation(\"\n      mutation clearBackupSales {\n        clearBackupSales {\n          ok\n        }\n      }\n    \", {}, {}, {\"authheader\":\"eyJhbGciOiJIUzI1NiIsInR5cCI6IkpXVCJ9.eyJpZCI6IjVmODU4NzcwNDE4MzE1M2IzMDIyMTRhZCIsImlhdCI6MTYwMjU4NjQ4MH0.afnRgRLgpQfXXaiSXRzNRXEuD7TEA1F5KB3zLjahKN0\",\"Content-Type\":\"application/json\"}) at C:\\Users\\marko\\Desktop\\devance\\packages\\codecept-e2e\\step_definitions\\profile.js:26:13\n- I.sendMutation(\"\n      mutation clearBackupSales {\n        clearBackupSales {\n          ok\n        }\n      }\n    \", {}, {}, {\"authheader\":\"eyJhbGciOiJIUzI1NiIsInR5cCI6IkpXVCJ9.eyJpZCI6IjVmODU4NzY1NDE4MzE1M2IzMDIyMTQ4NyIsImlhdCI6MTYwMjU4NjQ2OX0.HOsSnbw0WTw2tmFQth2tHRnIT6PVHb1TTAhXNYIucNs\",\"Content-Type\":\"application/json\"}) at C:\\Users\\marko\\Desktop\\devance\\packages\\codecept-e2e\\step_definitions\\profile.js:26:13\n\n",
                "diff": null
              },
              "uuid": "33531c6a-c509-4584-acc3-04ae8bcce640",
              "parentUUID": "93dddc30-46af-4dad-baf5-852a65fdb237",
              "isHook": false,
              "skipped": false
            }
          ],
          "suites": [],
          "passes": [
            "8ab60e60-0572-4361-bac0-a2c27228f788",
            "63db68ce-ceba-44b2-99ee-4ebd43bd8314",
            "e4f4b03b-0b2e-4fa3-9f55-97d543792b10",
            "edc30404-452d-42ce-a399-d82631a976d9"
          ],
          "failures": [
            "33531c6a-c509-4584-acc3-04ae8bcce640"
          ],
          "pending": [],
          "skipped": [],
          "duration": 286215,
          "root": false,
          "rootEmpty": false,
          "_timeout": 0
        },
        {
          "uuid": "0c1a3554-848a-425e-9f12-b9c9bde4a72f",
          "title": "New Conversation with same currency users where backup sales shouldn't be invitable",
          "fullFile": "",
          "file": "",
          "beforeHooks": [
            {
              "title": "\"before all\" hook: codeceptjs.beforeSuite",
              "fullTitle": "New Conversation with same currency users where backup sales shouldn't be invitable \"before all\" hook: codeceptjs.beforeSuite",
              "timedOut": false,
              "duration": 1,
              "state": null,
              "speed": null,
              "pass": false,
              "fail": false,
              "pending": false,
              "context": null,
              "code": "scenario.suiteSetup(suite)",
              "err": {},
              "uuid": "bbaed170-828d-4d3d-9006-7c07850afe29",
              "parentUUID": "0c1a3554-848a-425e-9f12-b9c9bde4a72f",
              "isHook": true,
              "skipped": false
            },
            {
              "title": "\"before each\" hook: codeceptjs.before",
              "fullTitle": "New Conversation with same currency users where backup sales shouldn't be invitable \"before each\" hook: codeceptjs.before",
              "timedOut": false,
              "duration": 9426,
              "state": null,
              "speed": null,
              "pass": false,
              "fail": false,
              "pending": false,
              "context": null,
              "code": "scenario.setup(suite)",
              "err": {},
              "uuid": "7e5a8d13-30bb-4a66-a419-dc11a0fbe295",
              "parentUUID": "0c1a3554-848a-425e-9f12-b9c9bde4a72f",
              "isHook": true,
              "skipped": false
            },
            {
              "title": "\"before each\" hook: Before",
              "fullTitle": "New Conversation with same currency users where backup sales shouldn't be invitable \"before each\" hook: Before",
              "timedOut": false,
              "duration": 7255,
              "state": null,
              "speed": null,
              "pass": false,
              "fail": false,
              "pending": false,
              "context": null,
              "code": "runSteps(child.steps)",
              "err": {},
              "uuid": "93666d27-282a-424c-b6f9-ea14739bdbaf",
              "parentUUID": "0c1a3554-848a-425e-9f12-b9c9bde4a72f",
              "isHook": true,
              "skipped": false
            }
          ],
          "afterHooks": [
            {
              "title": "\"after all\" hook: codeceptjs.afterSuite",
              "fullTitle": "New Conversation with same currency users where backup sales shouldn't be invitable \"after all\" hook: codeceptjs.afterSuite",
              "timedOut": false,
              "duration": 0,
              "state": null,
              "speed": null,
              "pass": false,
              "fail": false,
              "pending": false,
              "context": null,
              "code": "scenario.suiteTeardown(suite)",
              "err": {},
              "uuid": "a27afa7a-1931-4a9f-a197-af97bd9354e5",
              "parentUUID": "0c1a3554-848a-425e-9f12-b9c9bde4a72f",
              "isHook": true,
              "skipped": false
            },
            {
              "title": "\"after each\" hook: codeceptjs.after",
              "fullTitle": "New Conversation with same currency users where backup sales shouldn't be invitable \"after each\" hook: codeceptjs.after",
              "timedOut": false,
              "duration": 40,
              "state": null,
              "speed": null,
              "pass": false,
              "fail": false,
              "pending": false,
              "context": null,
              "code": "scenario.teardown(suite)",
              "err": {},
              "uuid": "bda98626-b48b-4889-b6f8-ddaf5c4e9910",
              "parentUUID": "0c1a3554-848a-425e-9f12-b9c9bde4a72f",
              "isHook": true,
              "skipped": false
            }
          ],
          "tests": [
            {
              "title": "Should create a new conversation with specific users {\"client1\":\"hubert9\",\"client2\":\"hubert10\",\"backupSales1\":\"fred\",\"backupSales2\":\"adam\",\"organization\":\"bnp\",\"title\":\"Two separate client conversations\"}",
              "fullTitle": "New Conversation with same currency users where backup sales shouldn't be invitable Should create a new conversation with specific users {\"client1\":\"hubert9\",\"client2\":\"hubert10\",\"backupSales1\":\"fred\",\"backupSales2\":\"adam\",\"organization\":\"bnp\",\"title\":\"Two separate client conversations\"}",
              "timedOut": false,
              "duration": 27106,
              "state": "passed",
              "speed": "slow",
              "pass": true,
              "fail": false,
              "pending": false,
              "context": null,
              "code": "runSteps(addExampleInTable(exampleSteps, current)",
              "err": {},
              "uuid": "3e3b6653-285f-45cf-ab90-2e26222e54e2",
              "parentUUID": "0c1a3554-848a-425e-9f12-b9c9bde4a72f",
              "isHook": false,
              "skipped": false
            }
          ],
          "suites": [],
          "passes": [
            "3e3b6653-285f-45cf-ab90-2e26222e54e2"
          ],
          "failures": [],
          "pending": [],
          "skipped": [],
          "duration": 27106,
          "root": false,
          "rootEmpty": false,
          "_timeout": 0
        },
        {
          "uuid": "69f0c735-3009-409e-a442-bc99898c39e5",
          "title": "New Conversation with a client in it",
          "fullFile": "",
          "file": "",
          "beforeHooks": [
            {
              "title": "\"before all\" hook: codeceptjs.beforeSuite",
              "fullTitle": "New Conversation with a client in it \"before all\" hook: codeceptjs.beforeSuite",
              "timedOut": false,
              "duration": 0,
              "state": null,
              "speed": null,
              "pass": false,
              "fail": false,
              "pending": false,
              "context": null,
              "code": "scenario.suiteSetup(suite)",
              "err": {},
              "uuid": "7997d943-1fad-4fcc-bbba-3c2614c5a0d3",
              "parentUUID": "69f0c735-3009-409e-a442-bc99898c39e5",
              "isHook": true,
              "skipped": false
            },
            {
              "title": "\"before each\" hook: codeceptjs.before",
              "fullTitle": "New Conversation with a client in it \"before each\" hook: codeceptjs.before",
              "timedOut": false,
              "duration": 9181,
              "state": null,
              "speed": null,
              "pass": false,
              "fail": false,
              "pending": false,
              "context": null,
              "code": "scenario.setup(suite)",
              "err": {},
              "uuid": "06c2d413-69f8-4fb9-8cdc-878d63014b1e",
              "parentUUID": "69f0c735-3009-409e-a442-bc99898c39e5",
              "isHook": true,
              "skipped": false
            },
            {
              "title": "\"before each\" hook: Before",
              "fullTitle": "New Conversation with a client in it \"before each\" hook: Before",
              "timedOut": false,
              "duration": 7194,
              "state": null,
              "speed": null,
              "pass": false,
              "fail": false,
              "pending": false,
              "context": null,
              "code": "runSteps(child.steps)",
              "err": {},
              "uuid": "a1ecec8f-51b7-42e2-bb7a-34d9e46c2261",
              "parentUUID": "69f0c735-3009-409e-a442-bc99898c39e5",
              "isHook": true,
              "skipped": false
            }
          ],
          "afterHooks": [
            {
              "title": "\"after all\" hook: codeceptjs.afterSuite",
              "fullTitle": "New Conversation with a client in it \"after all\" hook: codeceptjs.afterSuite",
              "timedOut": false,
              "duration": 0,
              "state": null,
              "speed": null,
              "pass": false,
              "fail": false,
              "pending": false,
              "context": null,
              "code": "scenario.suiteTeardown(suite)",
              "err": {},
              "uuid": "09606936-f02b-4f7f-9d06-b3c6116bd2ea",
              "parentUUID": "69f0c735-3009-409e-a442-bc99898c39e5",
              "isHook": true,
              "skipped": false
            },
            {
              "title": "\"after each\" hook: codeceptjs.after",
              "fullTitle": "New Conversation with a client in it \"after each\" hook: codeceptjs.after",
              "timedOut": false,
              "duration": 74,
              "state": null,
              "speed": null,
              "pass": false,
              "fail": false,
              "pending": false,
              "context": null,
              "code": "scenario.teardown(suite)",
              "err": {},
              "uuid": "c5dc24fa-88a0-4a32-930f-e2da5b8982d0",
              "parentUUID": "69f0c735-3009-409e-a442-bc99898c39e5",
              "isHook": true,
              "skipped": false
            }
          ],
          "tests": [
            {
              "title": "Should create a new conversation with a client {\"client\":\"hubert10\"}",
              "fullTitle": "New Conversation with a client in it Should create a new conversation with a client {\"client\":\"hubert10\"}",
              "timedOut": false,
              "duration": 17910,
              "state": "passed",
              "speed": "slow",
              "pass": true,
              "fail": false,
              "pending": false,
              "context": null,
              "code": "runSteps(addExampleInTable(exampleSteps, current)",
              "err": {},
              "uuid": "f3bc9f6f-cc8e-4eb8-8d21-945c0e99d95d",
              "parentUUID": "69f0c735-3009-409e-a442-bc99898c39e5",
              "isHook": false,
              "skipped": false
            }
          ],
          "suites": [],
          "passes": [
            "f3bc9f6f-cc8e-4eb8-8d21-945c0e99d95d"
          ],
          "failures": [],
          "pending": [],
          "skipped": [],
          "duration": 17910,
          "root": false,
          "rootEmpty": false,
          "_timeout": 0
        },
        {
          "uuid": "ca5966f5-9b0c-4e47-bb16-845e9c251803",
          "title": "New Conversation with a sales in it",
          "fullFile": "",
          "file": "",
          "beforeHooks": [
            {
              "title": "\"before all\" hook: codeceptjs.beforeSuite",
              "fullTitle": "New Conversation with a sales in it \"before all\" hook: codeceptjs.beforeSuite",
              "timedOut": false,
              "duration": 0,
              "state": null,
              "speed": null,
              "pass": false,
              "fail": false,
              "pending": false,
              "context": null,
              "code": "scenario.suiteSetup(suite)",
              "err": {},
              "uuid": "c7a7bc96-eab9-46ce-b561-3f443e2f5406",
              "parentUUID": "ca5966f5-9b0c-4e47-bb16-845e9c251803",
              "isHook": true,
              "skipped": false
            },
            {
              "title": "\"before each\" hook: codeceptjs.before",
              "fullTitle": "New Conversation with a sales in it \"before each\" hook: codeceptjs.before",
              "timedOut": false,
              "duration": 9192,
              "state": null,
              "speed": null,
              "pass": false,
              "fail": false,
              "pending": false,
              "context": null,
              "code": "scenario.setup(suite)",
              "err": {},
              "uuid": "fe00da4b-9259-4dfc-aabb-cba448899625",
              "parentUUID": "ca5966f5-9b0c-4e47-bb16-845e9c251803",
              "isHook": true,
              "skipped": false
            },
            {
              "title": "\"before each\" hook: Before",
              "fullTitle": "New Conversation with a sales in it \"before each\" hook: Before",
              "timedOut": false,
              "duration": 18548,
              "state": null,
              "speed": null,
              "pass": false,
              "fail": false,
              "pending": false,
              "context": null,
              "code": "runSteps(child.steps)",
              "err": {},
              "uuid": "55e05d42-7cac-45af-9b18-b49d78473194",
              "parentUUID": "ca5966f5-9b0c-4e47-bb16-845e9c251803",
              "isHook": true,
              "skipped": false
            }
          ],
          "afterHooks": [
            {
              "title": "\"after all\" hook: codeceptjs.afterSuite",
              "fullTitle": "New Conversation with a sales in it \"after all\" hook: codeceptjs.afterSuite",
              "timedOut": false,
              "duration": 0,
              "state": null,
              "speed": null,
              "pass": false,
              "fail": false,
              "pending": false,
              "context": null,
              "code": "scenario.suiteTeardown(suite)",
              "err": {},
              "uuid": "6893d413-09b0-4447-a0bd-c6de72d04f7a",
              "parentUUID": "ca5966f5-9b0c-4e47-bb16-845e9c251803",
              "isHook": true,
              "skipped": false
            },
            {
              "title": "\"after each\" hook: codeceptjs.after",
              "fullTitle": "New Conversation with a sales in it \"after each\" hook: codeceptjs.after",
              "timedOut": false,
              "duration": 49,
              "state": null,
              "speed": null,
              "pass": false,
              "fail": false,
              "pending": false,
              "context": null,
              "code": "scenario.teardown(suite)",
              "err": {},
              "uuid": "8655b288-ee9d-4199-9f27-8e6e6e633d55",
              "parentUUID": "ca5966f5-9b0c-4e47-bb16-845e9c251803",
              "isHook": true,
              "skipped": false
            }
          ],
          "tests": [
            {
              "title": "Should create a new conversation with a sales {\"sales\":\"adam\",\"title\":\"e2e conversation with sales\"}",
              "fullTitle": "New Conversation with a sales in it Should create a new conversation with a sales {\"sales\":\"adam\",\"title\":\"e2e conversation with sales\"}",
              "timedOut": false,
              "duration": 61422,
              "state": "failed",
              "speed": null,
              "pass": false,
              "fail": true,
              "pending": false,
              "context": null,
              "code": "runSteps(addExampleInTable(exampleSteps, current)",
              "err": {
                "message": "Error: element ([object Object]) still not present on page after 5 sec",
                "estack": "element ([object Object]) still not present on page after 5 sec\n\nScenario Steps:\n\n- adam: I.waitForElement({\"xpath\":\".//*[@data-automation='conversation'][contains(., 'e2e conversation with sales')][contains(., 'e2e conversation with sales')]//img[@alt='luke clapham']\"}, 5) at seeUserInConversation (step_definitions\\conversation.js:211:5)\n- adam: I.wait(5) at seeUserInConversation (step_definitions\\conversation.js:210:5)\n- adam: I.seeElement({\"xpath\":\".//*[@data-automation='conversation'][contains(., 'e2e conversation with sales')][contains(., 'e2e conversation with sales')]//img[@alt='fred alleno']\"}) at seeUserInConversation (step_definitions\\conversation.js:212:5)\n- adam: I.waitForElement({\"xpath\":\".//*[@data-automation='conversation'][contains(., 'e2e conversation with sales')][contains(., 'e2e conversation with sales')]//img[@alt='fred alleno']\"}, 5) at seeUserInConversation (step_definitions\\conversation.js:211:5)\n- adam: I.wait(5) at seeUserInConversation (step_definitions\\conversation.js:210:5)\n- adam: I.amOnPage(\"/conversations\") at C:\\Users\\marko\\Desktop\\devance\\packages\\codecept-e2e\\step_definitions\\navigation.js:13:7\n- adam: I.wait(5) at C:\\Users\\marko\\Desktop\\devance\\packages\\codecept-e2e\\step_definitions\\navigation.js:12:7\n- I.seeElement({\"xpath\":\".//*[@data-automation='conversation'][contains(., 'e2e conversation with sales')][contains(., 'e2e conversation with sales')]//img[@alt='orson welles']\"}) at seeUserInConversation (step_definitions\\conversation.js:212:5)\n- I.waitForElement({\"xpath\":\".//*[@data-automation='conversation'][contains(., 'e2e conversation with sales')][contains(., 'e2e conversation with sales')]//img[@alt='orson welles']\"}, 5) at seeUserInConversation (step_definitions\\conversation.js:211:5)\n- I.wait(5) at seeUserInConversation (step_definitions\\conversation.js:210:5)\n- I.seeElement({\"xpath\":\".//*[@data-automation='conversation'][contains(., 'e2e conversation with sales')][contains(., 'e2e conversation with sales')]//img[@alt='luke clapham']\"}) at seeUserInConversation (step_definitions\\conversation.js:212:5)\n- I.waitForElement({\"xpath\":\".//*[@data-automation='conversation'][contains(., 'e2e conversation with sales')][contains(., 'e2e conversation with sales')]//img[@alt='luke clapham']\"}, 5) at seeUserInConversation (step_definitions\\conversation.js:211:5)\n- I.wait(5) at seeUserInConversation (step_definitions\\conversation.js:210:5)\n- I.seeElement({\"xpath\":\".//*[@data-automation='conversation'][contains(., 'e2e conversation with sales')][contains(., 'e2e conversation with sales')]//img[@alt='adam smith']\"}) at seeUserInConversation (step_definitions\\conversation.js:212:5)\n- I.waitForElement({\"xpath\":\".//*[@data-automation='conversation'][contains(., 'e2e conversation with sales')][contains(., 'e2e conversation with sales')]//img[@alt='adam smith']\"}, 5) at seeUserInConversation (step_definitions\\conversation.js:211:5)\n- I.wait(5) at seeUserInConversation (step_definitions\\conversation.js:210:5)\n- I.amOnPage(\"/conversations\") at C:\\Users\\marko\\Desktop\\devance\\packages\\codecept-e2e\\step_definitions\\navigation.js:7:5\n- I.click($inviteUsers-button) at Object.invite (fragments\\conversation.js:74:7)\n- I.scrollIntoView($inviteUsers-button, {\"block\":\"center\",\"inline\":\"center\"}) at Object.invite (fragments\\conversation.js:73:7)\n- I.waitForElement($inviteUsers-button, 5) at Object.invite (fragments\\conversation.js:72:7)\n- I.wait(2) at Object.executeButtonClick (helpers\\actions.js:9:11)\n- I.click(\"//span[text()=\"adam smith\"]/../../../../../..//div[@data-automation=\"control\"]//div[@role=\"button\"]\") at Object.waitForElementAndClick (steps_file.js:10:12)\n- I.waitForElement(\"//span[text()=\"adam smith\"]/../../../../../..//div[@data-automation=\"control\"]//div[@role=\"button\"]\", 20) at Object.waitForElementAndClick (steps_file.js:9:12)\n- I.click($createPublication-button) at Object.waitForElementAndClick (steps_file.js:10:12)\n- I.waitForElement($createPublication-button, 20) at Object.waitForElementAndClick (steps_file.js:9:12)\n- I.waitForVisible($createPublication-button, 5) at Object.submit (fragments\\publication.js:6:7)\n- I.wait(2) at Object.executeButtonClick (helpers\\actions.js:19:11)\n- I.fillField({xpath: .//*[contains(concat(' ', normalize-space(./@class), ' '), ' ql-editor ')][ancestor::*[./@id = 'formula']]}, \"abcxyz\") at Object.setFormula (fragments\\publication.js:180:7)\n- I.wait(2) at Object.setFormula (fragments\\publication.js:178:7)\n- I.fillField($margin-input, \"20\") at Object.setMargin (fragments\\publication.js:167:7)\n- I.click($margin-input) at Object.waitForElementAndClick (steps_file.js:10:12)\n- I.waitForElement($margin-input, 20) at Object.waitForElementAndClick (steps_file.js:9:12)\n- I.fillField([name=title], \"e2e conversation with sales\") at Object.setTitle (fragments\\publication.js:105:7)\n- I.clearField([name=title]) at Object.setTitle (fragments\\publication.js:104:7)\n- I.click([name=title]) at Object.waitForElementAndClick (steps_file.js:10:12)\n- I.waitForElement([name=title], 20) at Object.waitForElementAndClick (steps_file.js:9:12)\n- I.click({xpath: (.//*[./@name = 'type'])[position()=1]}) at Object.waitForElementAndClick (steps_file.js:10:12)\n- I.waitForElement({xpath: (.//*[./@name = 'type'])[position()=1]}, 20) at Object.waitForElementAndClick (steps_file.js:9:12)\n- I.wait(3) at C:\\Users\\marko\\Desktop\\devance\\packages\\codecept-e2e\\step_definitions\\publication.js:7:5\n- I.click($revealing-button) at Object.waitForVisibleAndClick (steps_file.js:14:12)\n- I.waitForVisible($revealing-button, 20) at Object.waitForVisibleAndClick (steps_file.js:13:12)\n- I.amOnPage(\"/conversations\") at C:\\Users\\marko\\Desktop\\devance\\packages\\codecept-e2e\\step_definitions\\navigation.js:7:5\n- adam: I.click($inviteUsers-button) at Object.invite (fragments\\conversation.js:74:7)\n- adam: I.scrollIntoView($inviteUsers-button, {\"block\":\"center\",\"inline\":\"center\"}) at Object.invite (fragments\\conversation.js:73:7)\n- adam: I.waitForElement($inviteUsers-button, 5) at Object.invite (fragments\\conversation.js:72:7)\n- adam: I.wait(2) at Object.executeButtonClick (helpers\\actions.js:9:11)\n- adam: I.click(\"//span[text()=\"orson welles\"]/../../../../../..//div[@data-automation=\"control\"]//div[@role=\"button\"]\") at Object.waitForElementAndClick (steps_file.js:10:12)\n- adam: I.waitForElement(\"//span[text()=\"orson welles\"]/../../../../../..//div[@data-automation=\"control\"]//div[@role=\"button\"]\", 20) at Object.waitForElementAndClick (steps_file.js:9:12)\n- adam: I.click(\"//span[text()=\"luke clapham\"]/../../../../../..//div[@data-automation=\"control\"]//div[@role=\"button\"]\") at Object.waitForElementAndClick (steps_file.js:10:12)\n- adam: I.waitForElement(\"//span[text()=\"luke clapham\"]/../../../../../..//div[@data-automation=\"control\"]//div[@role=\"button\"]\", 20) at Object.waitForElementAndClick (steps_file.js:9:12)\n- adam: I.click($backupSales-tab) at Object.waitForElementAndClick (steps_file.js:10:12)\n- adam: I.waitForElement($backupSales-tab, 20) at Object.waitForElementAndClick (steps_file.js:9:12)\n- adam: I.amOnPage(\"/profile\") at C:\\Users\\marko\\Desktop\\devance\\packages\\codecept-e2e\\step_definitions\\navigation.js:13:7\n- adam: I.wait(5) at C:\\Users\\marko\\Desktop\\devance\\packages\\codecept-e2e\\step_definitions\\navigation.js:12:7\n- I.sendMutation(\"\n      mutation clearBackupSales {\n        clearBackupSales {\n          ok\n        }\n      }\n    \", {}, {}, {\"authheader\":\"eyJhbGciOiJIUzI1NiIsInR5cCI6IkpXVCJ9.eyJpZCI6IjVmODU4ODBjNDE4MzE1M2IzMDIyMjViZSIsImlhdCI6MTYwMjU4NjYzNn0.JEI7E6BVFM7rMb0t8Pid_GwEdKiBtmRYKT1x_oEqp3k\",\"Content-Type\":\"application/json\"}) at C:\\Users\\marko\\Desktop\\devance\\packages\\codecept-e2e\\step_definitions\\profile.js:26:13\n\n",
                "diff": null
              },
              "uuid": "ed0bf95e-5b00-44e3-b2d2-c649a72294f3",
              "parentUUID": "ca5966f5-9b0c-4e47-bb16-845e9c251803",
              "isHook": false,
              "skipped": false
            }
          ],
          "suites": [],
          "passes": [],
          "failures": [
            "ed0bf95e-5b00-44e3-b2d2-c649a72294f3"
          ],
          "pending": [],
          "skipped": [],
          "duration": 61422,
          "root": false,
          "rootEmpty": false,
          "_timeout": 0
        },
        {
          "uuid": "81e9c693-613e-487a-8d22-903d0f7c167a",
          "title": "New conversation invitations",
          "fullFile": "",
          "file": "",
          "beforeHooks": [
            {
              "title": "\"before all\" hook: codeceptjs.beforeSuite",
              "fullTitle": "New conversation invitations \"before all\" hook: codeceptjs.beforeSuite",
              "timedOut": false,
              "duration": 0,
              "state": null,
              "speed": null,
              "pass": false,
              "fail": false,
              "pending": false,
              "context": null,
              "code": "scenario.suiteSetup(suite)",
              "err": {},
              "uuid": "933cd933-3dde-4f99-b37e-66a9b1aee090",
              "parentUUID": "81e9c693-613e-487a-8d22-903d0f7c167a",
              "isHook": true,
              "skipped": false
            },
            {
              "title": "\"before each\" hook: codeceptjs.before",
              "fullTitle": "New conversation invitations \"before each\" hook: codeceptjs.before",
              "timedOut": false,
              "duration": 9164,
              "state": null,
              "speed": null,
              "pass": false,
              "fail": false,
              "pending": false,
              "context": null,
              "code": "scenario.setup(suite)",
              "err": {},
              "uuid": "603039b6-2c58-4468-808f-761cbd1f78c9",
              "parentUUID": "81e9c693-613e-487a-8d22-903d0f7c167a",
              "isHook": true,
              "skipped": false
            },
            {
              "title": "\"before each\" hook: Before",
              "fullTitle": "New conversation invitations \"before each\" hook: Before",
              "timedOut": false,
              "duration": 7279,
              "state": null,
              "speed": null,
              "pass": false,
              "fail": false,
              "pending": false,
              "context": null,
              "code": "runSteps(child.steps)",
              "err": {},
              "uuid": "ac4f99bc-acea-4f38-9a71-f00b2440fcd3",
              "parentUUID": "81e9c693-613e-487a-8d22-903d0f7c167a",
              "isHook": true,
              "skipped": false
            }
          ],
          "afterHooks": [
            {
              "title": "\"after all\" hook: codeceptjs.afterSuite",
              "fullTitle": "New conversation invitations \"after all\" hook: codeceptjs.afterSuite",
              "timedOut": false,
              "duration": 0,
              "state": null,
              "speed": null,
              "pass": false,
              "fail": false,
              "pending": false,
              "context": null,
              "code": "scenario.suiteTeardown(suite)",
              "err": {},
              "uuid": "8593f869-6a74-4239-8a04-fbb75682d94a",
              "parentUUID": "81e9c693-613e-487a-8d22-903d0f7c167a",
              "isHook": true,
              "skipped": false
            },
            {
              "title": "\"after each\" hook: codeceptjs.after",
              "fullTitle": "New conversation invitations \"after each\" hook: codeceptjs.after",
              "timedOut": false,
              "duration": 35,
              "state": null,
              "speed": null,
              "pass": false,
              "fail": false,
              "pending": false,
              "context": null,
              "code": "scenario.teardown(suite)",
              "err": {},
              "uuid": "0927a47b-476f-40d7-a800-beff4f77a3d8",
              "parentUUID": "81e9c693-613e-487a-8d22-903d0f7c167a",
              "isHook": true,
              "skipped": false
            }
          ],
          "tests": [
            {
              "title": "Should not be able to see sales in invitation form",
              "fullTitle": "New conversation invitations Should not be able to see sales in invitation form",
              "timedOut": false,
              "duration": 2830,
              "state": "passed",
              "speed": "slow",
              "pass": true,
              "fail": false,
              "pending": false,
              "context": null,
              "code": "runSteps(child.steps)",
              "err": {},
              "uuid": "041fcdd8-0f02-43de-b08b-3d504ae9f204",
              "parentUUID": "81e9c693-613e-487a-8d22-903d0f7c167a",
              "isHook": false,
              "skipped": false
            },
            {
              "title": "Should not be able to see clients in invitation form",
              "fullTitle": "New conversation invitations Should not be able to see clients in invitation form",
              "timedOut": false,
              "duration": 2778,
              "state": "passed",
              "speed": "slow",
              "pass": true,
              "fail": false,
              "pending": false,
              "context": null,
              "code": "runSteps(child.steps)",
              "err": {},
              "uuid": "2a7c3c6e-4aab-4db0-a67e-aa161dd7b314",
              "parentUUID": "81e9c693-613e-487a-8d22-903d0f7c167a",
              "isHook": false,
              "skipped": false
            }
          ],
          "suites": [],
          "passes": [
            "041fcdd8-0f02-43de-b08b-3d504ae9f204",
            "2a7c3c6e-4aab-4db0-a67e-aa161dd7b314"
          ],
          "failures": [],
          "pending": [],
          "skipped": [],
          "duration": 5608,
          "root": false,
          "rootEmpty": false,
          "_timeout": 0
        },
        {
          "uuid": "b2321237-1ec9-4fa0-92d0-a4f292baf11d",
          "title": "Creating a Publication",
          "fullFile": "",
          "file": "",
          "beforeHooks": [
            {
              "title": "\"before all\" hook: codeceptjs.beforeSuite",
              "fullTitle": "Creating a Publication \"before all\" hook: codeceptjs.beforeSuite",
              "timedOut": false,
              "duration": 0,
              "state": null,
              "speed": null,
              "pass": false,
              "fail": false,
              "pending": false,
              "context": null,
              "code": "scenario.suiteSetup(suite)",
              "err": {},
              "uuid": "e8620b7e-9e7e-4203-82ad-175fdd4f9771",
              "parentUUID": "b2321237-1ec9-4fa0-92d0-a4f292baf11d",
              "isHook": true,
              "skipped": false
            },
            {
              "title": "\"before each\" hook: codeceptjs.before",
              "fullTitle": "Creating a Publication \"before each\" hook: codeceptjs.before",
              "timedOut": false,
              "duration": 9176,
              "state": null,
              "speed": null,
              "pass": false,
              "fail": false,
              "pending": false,
              "context": null,
              "code": "scenario.setup(suite)",
              "err": {},
              "uuid": "9eceb484-aeb4-49b3-970c-ec45a10335b1",
              "parentUUID": "b2321237-1ec9-4fa0-92d0-a4f292baf11d",
              "isHook": true,
              "skipped": false
            },
            {
              "title": "\"before each\" hook: Before",
              "fullTitle": "Creating a Publication \"before each\" hook: Before",
              "timedOut": false,
              "duration": 7172,
              "state": null,
              "speed": null,
              "pass": false,
              "fail": false,
              "pending": false,
              "context": null,
              "code": "runSteps(child.steps)",
              "err": {},
              "uuid": "8847a5ef-f71f-4282-afd7-1768429ff1e8",
              "parentUUID": "b2321237-1ec9-4fa0-92d0-a4f292baf11d",
              "isHook": true,
              "skipped": false
            }
          ],
          "afterHooks": [
            {
              "title": "\"after all\" hook: codeceptjs.afterSuite",
              "fullTitle": "Creating a Publication \"after all\" hook: codeceptjs.afterSuite",
              "timedOut": false,
              "duration": 0,
              "state": null,
              "speed": null,
              "pass": false,
              "fail": false,
              "pending": false,
              "context": null,
              "code": "scenario.suiteTeardown(suite)",
              "err": {},
              "uuid": "e31db97c-1f8d-4fc5-acaf-ee63f9d836b7",
              "parentUUID": "b2321237-1ec9-4fa0-92d0-a4f292baf11d",
              "isHook": true,
              "skipped": false
            },
            {
              "title": "\"after each\" hook: codeceptjs.after",
              "fullTitle": "Creating a Publication \"after each\" hook: codeceptjs.after",
              "timedOut": false,
              "duration": 33,
              "state": null,
              "speed": null,
              "pass": false,
              "fail": false,
              "pending": false,
              "context": null,
              "code": "scenario.teardown(suite)",
              "err": {},
              "uuid": "d5e622b6-43a7-4f95-b3f8-0525066800e9",
              "parentUUID": "b2321237-1ec9-4fa0-92d0-a4f292baf11d",
              "isHook": true,
              "skipped": false
            }
          ],
          "tests": [
            {
              "title": "Should create publication on flow with and without document {\"type\":\"study\",\"studyType\":\"daily\",\"ideaType\":\"\",\"formula\":\"\",\"description\":\"Some description\",\"title\":\"Study title E2E\",\"problem\":\"\",\"margin\":\"\",\"exchangeRate\":\"\",\"createdType\":\"Macro Study\",\"document\":\"\",\"documentTitle\":\"\"}",
              "fullTitle": "Creating a Publication Should create publication on flow with and without document {\"type\":\"study\",\"studyType\":\"daily\",\"ideaType\":\"\",\"formula\":\"\",\"description\":\"Some description\",\"title\":\"Study title E2E\",\"problem\":\"\",\"margin\":\"\",\"exchangeRate\":\"\",\"createdType\":\"Macro Study\",\"document\":\"\",\"documentTitle\":\"\"}",
              "timedOut": false,
              "duration": 15907,
              "state": "passed",
              "speed": "slow",
              "pass": true,
              "fail": false,
              "pending": false,
              "context": null,
              "code": "runSteps(addExampleInTable(exampleSteps, current)",
              "err": {},
              "uuid": "40736d3f-f457-47ba-9e95-787f8bd34135",
              "parentUUID": "b2321237-1ec9-4fa0-92d0-a4f292baf11d",
              "isHook": false,
              "skipped": false
            },
            {
              "title": "Should create publication on flow with and without document {\"type\":\"idea\",\"studyType\":\"\",\"ideaType\":\"option\",\"formula\":\"Some formula\",\"description\":\"Some description\",\"title\":\"Option title E2E\",\"problem\":\"Some problem\",\"margin\":\"10\",\"exchangeRate\":\"\",\"createdType\":\"Trading Idea\",\"document\":\"\",\"documentTitle\":\"\"}",
              "fullTitle": "Creating a Publication Should create publication on flow with and without document {\"type\":\"idea\",\"studyType\":\"\",\"ideaType\":\"option\",\"formula\":\"Some formula\",\"description\":\"Some description\",\"title\":\"Option title E2E\",\"problem\":\"Some problem\",\"margin\":\"10\",\"exchangeRate\":\"\",\"createdType\":\"Trading Idea\",\"document\":\"\",\"documentTitle\":\"\"}",
              "timedOut": false,
              "duration": 21952,
              "state": "passed",
              "speed": "slow",
              "pass": true,
              "fail": false,
              "pending": false,
              "context": null,
              "code": "runSteps(addExampleInTable(exampleSteps, current)",
              "err": {},
              "uuid": "ce309fb6-e0e7-44bd-8fe5-3e826dfc48e3",
              "parentUUID": "b2321237-1ec9-4fa0-92d0-a4f292baf11d",
              "isHook": false,
              "skipped": false
            },
            {
              "title": "Should create publication on flow with and without document {\"type\":\"idea\",\"studyType\":\"\",\"ideaType\":\"spot\",\"formula\":\"\",\"description\":\"Some description\",\"title\":\"Spot title E2E\",\"problem\":\"Some problem\",\"margin\":\"10\",\"exchangeRate\":\"10\",\"createdType\":\"Trading Idea\",\"document\":\"\",\"documentTitle\":\"\"}",
              "fullTitle": "Creating a Publication Should create publication on flow with and without document {\"type\":\"idea\",\"studyType\":\"\",\"ideaType\":\"spot\",\"formula\":\"\",\"description\":\"Some description\",\"title\":\"Spot title E2E\",\"problem\":\"Some problem\",\"margin\":\"10\",\"exchangeRate\":\"10\",\"createdType\":\"Trading Idea\",\"document\":\"\",\"documentTitle\":\"\"}",
              "timedOut": false,
              "duration": 16771,
              "state": "passed",
              "speed": "slow",
              "pass": true,
              "fail": false,
              "pending": false,
              "context": null,
              "code": "runSteps(addExampleInTable(exampleSteps, current)",
              "err": {},
              "uuid": "4fd6d915-5e60-4919-a3ce-f720c8fc6105",
              "parentUUID": "b2321237-1ec9-4fa0-92d0-a4f292baf11d",
              "isHook": false,
              "skipped": false
            },
            {
              "title": "Should create publication on flow with and without document {\"type\":\"idea\",\"studyType\":\"\",\"ideaType\":\"forward\",\"formula\":\"\",\"description\":\"Some description\",\"title\":\"Forward title E2E\",\"problem\":\"Some problem\",\"margin\":\"10\",\"exchangeRate\":\"10\",\"createdType\":\"Trading Idea\",\"document\":\"\",\"documentTitle\":\"\"}",
              "fullTitle": "Creating a Publication Should create publication on flow with and without document {\"type\":\"idea\",\"studyType\":\"\",\"ideaType\":\"forward\",\"formula\":\"\",\"description\":\"Some description\",\"title\":\"Forward title E2E\",\"problem\":\"Some problem\",\"margin\":\"10\",\"exchangeRate\":\"10\",\"createdType\":\"Trading Idea\",\"document\":\"\",\"documentTitle\":\"\"}",
              "timedOut": false,
              "duration": 17050,
              "state": "passed",
              "speed": "slow",
              "pass": true,
              "fail": false,
              "pending": false,
              "context": null,
              "code": "runSteps(addExampleInTable(exampleSteps, current)",
              "err": {},
              "uuid": "45926db0-dafb-4a2a-b7fb-2643c83bcc2e",
              "parentUUID": "b2321237-1ec9-4fa0-92d0-a4f292baf11d",
              "isHook": false,
              "skipped": false
            },
            {
              "title": "Should create publication on flow with and without document {\"type\":\"news\",\"studyType\":\"\",\"ideaType\":\"\",\"formula\":\"\",\"description\":\"Some description\",\"title\":\"News title E2E\",\"problem\":\"\",\"margin\":\"\",\"exchangeRate\":\"\",\"createdType\":\"News\",\"document\":\"\",\"documentTitle\":\"\"}",
              "fullTitle": "Creating a Publication Should create publication on flow with and without document {\"type\":\"news\",\"studyType\":\"\",\"ideaType\":\"\",\"formula\":\"\",\"description\":\"Some description\",\"title\":\"News title E2E\",\"problem\":\"\",\"margin\":\"\",\"exchangeRate\":\"\",\"createdType\":\"News\",\"document\":\"\",\"documentTitle\":\"\"}",
              "timedOut": false,
              "duration": 15842,
              "state": "passed",
              "speed": "slow",
              "pass": true,
              "fail": false,
              "pending": false,
              "context": null,
              "code": "runSteps(addExampleInTable(exampleSteps, current)",
              "err": {},
              "uuid": "daf77387-0bae-4e72-9691-68d399d0d6d4",
              "parentUUID": "b2321237-1ec9-4fa0-92d0-a4f292baf11d",
              "isHook": false,
              "skipped": false
            },
            {
              "title": "Should create publication on flow with and without document {\"type\":\"study\",\"studyType\":\"daily\",\"ideaType\":\"\",\"formula\":\"\",\"description\":\"Some description\",\"title\":\"Study title E2E\",\"problem\":\"\",\"margin\":\"\",\"exchangeRate\":\"\",\"createdType\":\"Macro Study\",\"document\":\"sample.pdf\",\"documentTitle\":\"sample-pdf\"}",
              "fullTitle": "Creating a Publication Should create publication on flow with and without document {\"type\":\"study\",\"studyType\":\"daily\",\"ideaType\":\"\",\"formula\":\"\",\"description\":\"Some description\",\"title\":\"Study title E2E\",\"problem\":\"\",\"margin\":\"\",\"exchangeRate\":\"\",\"createdType\":\"Macro Study\",\"document\":\"sample.pdf\",\"documentTitle\":\"sample-pdf\"}",
              "timedOut": false,
              "duration": 18633,
              "state": "passed",
              "speed": "slow",
              "pass": true,
              "fail": false,
              "pending": false,
              "context": null,
              "code": "runSteps(addExampleInTable(exampleSteps, current)",
              "err": {},
              "uuid": "fc96ba16-ddf5-4bb5-9bee-ffc5d8c68e56",
              "parentUUID": "b2321237-1ec9-4fa0-92d0-a4f292baf11d",
              "isHook": false,
              "skipped": false
            },
            {
              "title": "Should create publication on flow with and without document {\"type\":\"idea\",\"studyType\":\"\",\"ideaType\":\"option\",\"formula\":\"Some formula\",\"description\":\"Some description\",\"title\":\"Option title E2E\",\"problem\":\"Some problem\",\"margin\":\"10\",\"exchangeRate\":\"\",\"createdType\":\"Trading Idea\",\"document\":\"sample.pdf\",\"documentTitle\":\"sample-pdf\"}",
              "fullTitle": "Creating a Publication Should create publication on flow with and without document {\"type\":\"idea\",\"studyType\":\"\",\"ideaType\":\"option\",\"formula\":\"Some formula\",\"description\":\"Some description\",\"title\":\"Option title E2E\",\"problem\":\"Some problem\",\"margin\":\"10\",\"exchangeRate\":\"\",\"createdType\":\"Trading Idea\",\"document\":\"sample.pdf\",\"documentTitle\":\"sample-pdf\"}",
              "timedOut": false,
              "duration": 23287,
              "state": "passed",
              "speed": "slow",
              "pass": true,
              "fail": false,
              "pending": false,
              "context": null,
              "code": "runSteps(addExampleInTable(exampleSteps, current)",
              "err": {},
              "uuid": "a28dc20c-4979-45cd-96b9-97e42a280a4f",
              "parentUUID": "b2321237-1ec9-4fa0-92d0-a4f292baf11d",
              "isHook": false,
              "skipped": false
            },
            {
              "title": "Should create publication on flow with and without document {\"type\":\"idea\",\"studyType\":\"\",\"ideaType\":\"spot\",\"formula\":\"\",\"description\":\"Some description\",\"title\":\"Spot title E2E\",\"problem\":\"Some problem\",\"margin\":\"10\",\"exchangeRate\":\"10\",\"createdType\":\"Trading Idea\",\"document\":\"sample.pdf\",\"documentTitle\":\"sample-pdf\"}",
              "fullTitle": "Creating a Publication Should create publication on flow with and without document {\"type\":\"idea\",\"studyType\":\"\",\"ideaType\":\"spot\",\"formula\":\"\",\"description\":\"Some description\",\"title\":\"Spot title E2E\",\"problem\":\"Some problem\",\"margin\":\"10\",\"exchangeRate\":\"10\",\"createdType\":\"Trading Idea\",\"document\":\"sample.pdf\",\"documentTitle\":\"sample-pdf\"}",
              "timedOut": false,
              "duration": 18387,
              "state": "passed",
              "speed": "slow",
              "pass": true,
              "fail": false,
              "pending": false,
              "context": null,
              "code": "runSteps(addExampleInTable(exampleSteps, current)",
              "err": {},
              "uuid": "5788e7ce-4457-4c10-a307-b2a744f82a0b",
              "parentUUID": "b2321237-1ec9-4fa0-92d0-a4f292baf11d",
              "isHook": false,
              "skipped": false
            },
            {
              "title": "Should create publication on flow with and without document {\"type\":\"idea\",\"studyType\":\"\",\"ideaType\":\"forward\",\"formula\":\"\",\"description\":\"Some description\",\"title\":\"Forward title E2E\",\"problem\":\"Some problem\",\"margin\":\"10\",\"exchangeRate\":\"10\",\"createdType\":\"Trading Idea\",\"document\":\"sample.pdf\",\"documentTitle\":\"sample-pdf\"}",
              "fullTitle": "Creating a Publication Should create publication on flow with and without document {\"type\":\"idea\",\"studyType\":\"\",\"ideaType\":\"forward\",\"formula\":\"\",\"description\":\"Some description\",\"title\":\"Forward title E2E\",\"problem\":\"Some problem\",\"margin\":\"10\",\"exchangeRate\":\"10\",\"createdType\":\"Trading Idea\",\"document\":\"sample.pdf\",\"documentTitle\":\"sample-pdf\"}",
              "timedOut": false,
              "duration": 18359,
              "state": "passed",
              "speed": "slow",
              "pass": true,
              "fail": false,
              "pending": false,
              "context": null,
              "code": "runSteps(addExampleInTable(exampleSteps, current)",
              "err": {},
              "uuid": "b1034e30-242e-463a-ba19-38019a83c3f5",
              "parentUUID": "b2321237-1ec9-4fa0-92d0-a4f292baf11d",
              "isHook": false,
              "skipped": false
            },
            {
              "title": "Should create publication on flow and check if interactions are not present {\"type\":\"idea\",\"studyType\":\"\",\"ideaType\":\"option\",\"formula\":\"Some formula\",\"description\":\"Some description\",\"title\":\"Option title E2E\",\"problem\":\"Some problem\",\"margin\":\"10\",\"exchangeRate\":\"\",\"createdType\":\"Trading Idea\",\"document\":\"\",\"documentTitle\":\"\"}",
              "fullTitle": "Creating a Publication Should create publication on flow and check if interactions are not present {\"type\":\"idea\",\"studyType\":\"\",\"ideaType\":\"option\",\"formula\":\"Some formula\",\"description\":\"Some description\",\"title\":\"Option title E2E\",\"problem\":\"Some problem\",\"margin\":\"10\",\"exchangeRate\":\"\",\"createdType\":\"Trading Idea\",\"document\":\"\",\"documentTitle\":\"\"}",
              "timedOut": false,
              "duration": 27596,
              "state": "passed",
              "speed": "slow",
              "pass": true,
              "fail": false,
              "pending": false,
              "context": null,
              "code": "runSteps(addExampleInTable(exampleSteps, current)",
              "err": {},
              "uuid": "a9e50c00-2d18-44ba-9b5f-1e24f574d21b",
              "parentUUID": "b2321237-1ec9-4fa0-92d0-a4f292baf11d",
              "isHook": false,
              "skipped": false
            }
          ],
          "suites": [],
          "passes": [
            "40736d3f-f457-47ba-9e95-787f8bd34135",
            "ce309fb6-e0e7-44bd-8fe5-3e826dfc48e3",
            "4fd6d915-5e60-4919-a3ce-f720c8fc6105",
            "45926db0-dafb-4a2a-b7fb-2643c83bcc2e",
            "daf77387-0bae-4e72-9691-68d399d0d6d4",
            "fc96ba16-ddf5-4bb5-9bee-ffc5d8c68e56",
            "a28dc20c-4979-45cd-96b9-97e42a280a4f",
            "5788e7ce-4457-4c10-a307-b2a744f82a0b",
            "b1034e30-242e-463a-ba19-38019a83c3f5",
            "a9e50c00-2d18-44ba-9b5f-1e24f574d21b"
          ],
          "failures": [],
          "pending": [],
          "skipped": [],
          "duration": 193784,
          "root": false,
          "rootEmpty": false,
          "_timeout": 0
        },
        {
          "uuid": "a61ad2fa-4633-47e9-b761-b52cb6f3a1a9",
          "title": "Creating a Publication without segments on it",
          "fullFile": "",
          "file": "",
          "beforeHooks": [
            {
              "title": "\"before all\" hook: codeceptjs.beforeSuite",
              "fullTitle": "Creating a Publication without segments on it \"before all\" hook: codeceptjs.beforeSuite",
              "timedOut": false,
              "duration": 0,
              "state": null,
[...]
              "skipped": false
            },
            {
              "title": "Sales should create a publication and a client should request a pricing for it then find it in pricing list {\"client\":\"hubert1\",\"ideaType\":\"forward\",\"formula\":\"\",\"description\":\"forward description\",\"title\":\"Forward title E2E\",\"exchangeRate\":\"10\",\"notional\":\"\",\"notionalCurrency\":\"\",\"notionalCurrency1\":\"5\",\"notionalCurrency2\":\"15\"}",
              "fullTitle": "Create Proposal For Client Sales should create a publication and a client should request a pricing for it then find it in pricing list {\"client\":\"hubert1\",\"ideaType\":\"forward\",\"formula\":\"\",\"description\":\"forward description\",\"title\":\"Forward title E2E\",\"exchangeRate\":\"10\",\"notional\":\"\",\"notionalCurrency\":\"\",\"notionalCurrency1\":\"5\",\"notionalCurrency2\":\"15\"}",
              "timedOut": false,
              "duration": 33734,
              "state": "passed",
              "speed": "slow",
              "pass": true,
              "fail": false,
              "pending": false,
              "context": null,
              "code": "runSteps(addExampleInTable(exampleSteps, current)",
              "err": {},
              "uuid": "43cffa02-04f8-4c3c-922a-70ca184b7391",
              "parentUUID": "036559ba-4117-4b9c-9cdb-3febfd14c8a7",
              "isHook": false,
              "skipped": false
            }
          ],
          "suites": [],
          "passes": [
            "7aed7f66-4de6-4fb2-94db-c89a3efce599",
            "b4edf9d1-a3da-4fbe-807f-d33a011ec5ea",
            "00655f47-44a8-4c5a-bba2-9f42ff223be1",
            "5cbf67c8-1891-4c45-8af5-addc5f35d4a4",
            "93a8f991-7498-48c7-8fd7-d1723f11e689",
            "43cffa02-04f8-4c3c-922a-70ca184b7391"
          ],
          "failures": [],
          "pending": [],
          "skipped": [],
          "duration": 214816,
          "root": false,
          "rootEmpty": false,
          "_timeout": 0
        },
        {
          "uuid": "fe00e508-43d9-40ae-a907-bea0ca533b8a",
          "title": "Creating a Publication",
          "fullFile": "",
          "file": "",
          "beforeHooks": [
            {
              "title": "\"before all\" hook: codeceptjs.beforeSuite",
              "fullTitle": "Creating a Publication \"before all\" hook: codeceptjs.beforeSuite",
              "timedOut": false,
              "duration": 1,
              "state": null,
              "speed": null,
              "pass": false,
              "fail": false,
              "pending": false,
              "context": null,
              "code": "scenario.suiteSetup(suite)",
              "err": {},
              "uuid": "df8502b9-5579-49a1-9065-d4e9f50b1255",
              "parentUUID": "fe00e508-43d9-40ae-a907-bea0ca533b8a",
              "isHook": true,
              "skipped": false
            },
            {
              "title": "\"before each\" hook: codeceptjs.before",
              "fullTitle": "Creating a Publication \"before each\" hook: codeceptjs.before",
              "timedOut": false,
              "duration": 9146,
              "state": null,
              "speed": null,
              "pass": false,
              "fail": false,
              "pending": false,
              "context": null,
              "code": "scenario.setup(suite)",
              "err": {},
              "uuid": "772855d4-9a1e-41dd-8b74-2889fd3e2a03",
              "parentUUID": "fe00e508-43d9-40ae-a907-bea0ca533b8a",
              "isHook": true,
              "skipped": false
            },
            {
              "title": "\"before each\" hook: Before",
              "fullTitle": "Creating a Publication \"before each\" hook: Before",
              "timedOut": false,
              "duration": 18991,
              "state": null,
              "speed": null,
              "pass": false,
              "fail": false,
              "pending": false,
              "context": null,
              "code": "runSteps(child.steps)",
              "err": {},
              "uuid": "b2fd3efd-aa75-4c59-8954-93f06789c922",
              "parentUUID": "fe00e508-43d9-40ae-a907-bea0ca533b8a",
              "isHook": true,
              "skipped": false
            }
          ],
          "afterHooks": [
            {
              "title": "\"after all\" hook: codeceptjs.afterSuite",
              "fullTitle": "Creating a Publication \"after all\" hook: codeceptjs.afterSuite",
              "timedOut": false,
              "duration": 0,
              "state": null,
              "speed": null,
              "pass": false,
              "fail": false,
              "pending": false,
              "context": null,
              "code": "scenario.suiteTeardown(suite)",
              "err": {},
              "uuid": "768dfa64-110b-4745-9ef0-7e95fcddc499",
              "parentUUID": "fe00e508-43d9-40ae-a907-bea0ca533b8a",
              "isHook": true,
              "skipped": false
            },
            {
              "title": "\"after each\" hook: codeceptjs.after",
              "fullTitle": "Creating a Publication \"after each\" hook: codeceptjs.after",
              "timedOut": false,
              "duration": 83,
              "state": null,
              "speed": null,
              "pass": false,
              "fail": false,
              "pending": false,
              "context": null,
              "code": "scenario.teardown(suite)",
              "err": {},
              "uuid": "6493c064-9263-415c-af03-5ae6d654c01e",
              "parentUUID": "fe00e508-43d9-40ae-a907-bea0ca533b8a",
              "isHook": true,
              "skipped": false
            }
          ],
          "tests": [
            {
              "title": "Should create publication on flow with and send pricing to interacted client {\"client\":\"hubert1\",\"ideaType\":\"option\",\"formula\":\"Some formula\",\"description\":\"option description\",\"title\":\"Option title E2E\",\"exchangeRate\":\"\",\"notional\":\"100\",\"notionalCurrency\":\"GBP\",\"notionalCurrency1\":\"\",\"notionalCurrency2\":\"\",\"notificationNumber\":\"1\"}",
              "fullTitle": "Creating a Publication Should create publication on flow with and send pricing to interacted client {\"client\":\"hubert1\",\"ideaType\":\"option\",\"formula\":\"Some formula\",\"description\":\"option description\",\"title\":\"Option title E2E\",\"exchangeRate\":\"\",\"notional\":\"100\",\"notionalCurrency\":\"GBP\",\"notionalCurrency1\":\"\",\"notionalCurrency2\":\"\",\"notificationNumber\":\"1\"}",
              "timedOut": false,
              "duration": 46011,
              "state": "passed",
              "speed": "slow",
              "pass": true,
              "fail": false,
              "pending": false,
              "context": null,
              "code": "runSteps(addExampleInTable(exampleSteps, current)",
              "err": {},
              "uuid": "e166d0d8-49f3-4985-b964-9815562b68b4",
              "parentUUID": "fe00e508-43d9-40ae-a907-bea0ca533b8a",
              "isHook": false,
              "skipped": false
            },
            {
              "title": "Should create publication on flow with and send pricing to interacted client {\"client\":\"hubert1\",\"ideaType\":\"spot\",\"formula\":\"\",\"description\":\"spot description\",\"title\":\"Spot title E2E\",\"exchangeRate\":\"10\",\"notional\":\"\",\"notionalCurrency\":\"\",\"notionalCurrency1\":\"10\",\"notionalCurrency2\":\"20\",\"notificationNumber\":\"1\"}",
              "fullTitle": "Creating a Publication Should create publication on flow with and send pricing to interacted client {\"client\":\"hubert1\",\"ideaType\":\"spot\",\"formula\":\"\",\"description\":\"spot description\",\"title\":\"Spot title E2E\",\"exchangeRate\":\"10\",\"notional\":\"\",\"notionalCurrency\":\"\",\"notionalCurrency1\":\"10\",\"notionalCurrency2\":\"20\",\"notificationNumber\":\"1\"}",
              "timedOut": false,
              "duration": 40806,
              "state": "passed",
              "speed": "slow",
              "pass": true,
              "fail": false,
              "pending": false,
              "context": null,
              "code": "runSteps(addExampleInTable(exampleSteps, current)",
              "err": {},
              "uuid": "849f5b92-e309-4a0a-b6c0-51ba1f1d844d",
              "parentUUID": "fe00e508-43d9-40ae-a907-bea0ca533b8a",
              "isHook": false,
              "skipped": false
            },
            {
              "title": "Should create publication on flow with and send pricing to interacted client {\"client\":\"hubert1\",\"ideaType\":\"forward\",\"formula\":\"\",\"description\":\"forward description\",\"title\":\"Forward title E2E\",\"exchangeRate\":\"10\",\"notional\":\"\",\"notionalCurrency\":\"\",\"notionalCurrency1\":\"5\",\"notionalCurrency2\":\"15\",\"notificationNumber\":\"1\"}",
              "fullTitle": "Creating a Publication Should create publication on flow with and send pricing to interacted client {\"client\":\"hubert1\",\"ideaType\":\"forward\",\"formula\":\"\",\"description\":\"forward description\",\"title\":\"Forward title E2E\",\"exchangeRate\":\"10\",\"notional\":\"\",\"notionalCurrency\":\"\",\"notionalCurrency1\":\"5\",\"notionalCurrency2\":\"15\",\"notificationNumber\":\"1\"}",
              "timedOut": false,
              "duration": 41093,
              "state": "passed",
              "speed": "slow",
              "pass": true,
              "fail": false,
              "pending": false,
              "context": null,
              "code": "runSteps(addExampleInTable(exampleSteps, current)",
              "err": {},
              "uuid": "319d81b5-6c5d-4626-8247-a68ea8c42dd3",
              "parentUUID": "fe00e508-43d9-40ae-a907-bea0ca533b8a",
              "isHook": false,
              "skipped": false
            },
            {
              "title": "Should create publication on flow, client should comment on it and send pricing to interacted client {\"client\":\"hubert1\",\"ideaType\":\"option\",\"formula\":\"Some formula\",\"description\":\"option description\",\"title\":\"Option title E2E\",\"exchangeRate\":\"\",\"notional\":\"100\",\"notionalCurrency\":\"GBP\",\"notionalCurrency1\":\"\",\"notionalCurrency2\":\"\",\"notificationNumber\":\"1\"}",
              "fullTitle": "Creating a Publication Should create publication on flow, client should comment on it and send pricing to interacted client {\"client\":\"hubert1\",\"ideaType\":\"option\",\"formula\":\"Some formula\",\"description\":\"option description\",\"title\":\"Option title E2E\",\"exchangeRate\":\"\",\"notional\":\"100\",\"notionalCurrency\":\"GBP\",\"notionalCurrency1\":\"\",\"notionalCurrency2\":\"\",\"notificationNumber\":\"1\"}",
              "timedOut": false,
              "duration": 38681,
              "state": "passed",
              "speed": "slow",
              "pass": true,
              "fail": false,
              "pending": false,
              "context": null,
              "code": "runSteps(addExampleInTable(exampleSteps, current)",
              "err": {},
              "uuid": "b63adf83-94e0-4bbc-8a7b-9daa3d77d5e5",
              "parentUUID": "fe00e508-43d9-40ae-a907-bea0ca533b8a",
              "isHook": false,
              "skipped": false
            },
            {
              "title": "Should create publication on flow, client should comment on it and send pricing to interacted client {\"client\":\"hubert1\",\"ideaType\":\"spot\",\"formula\":\"\",\"description\":\"spot description\",\"title\":\"Spot title E2E\",\"exchangeRate\":\"10\",\"notional\":\"\",\"notionalCurrency\":\"\",\"notionalCurrency1\":\"10\",\"notionalCurrency2\":\"20\",\"notificationNumber\":\"1\"}",
              "fullTitle": "Creating a Publication Should create publication on flow, client should comment on it and send pricing to interacted client {\"client\":\"hubert1\",\"ideaType\":\"spot\",\"formula\":\"\",\"description\":\"spot description\",\"title\":\"Spot title E2E\",\"exchangeRate\":\"10\",\"notional\":\"\",\"notionalCurrency\":\"\",\"notionalCurrency1\":\"10\",\"notionalCurrency2\":\"20\",\"notificationNumber\":\"1\"}",
              "timedOut": false,
              "duration": 33339,
              "state": "passed",
              "speed": "slow",
              "pass": true,
              "fail": false,
              "pending": false,
              "context": null,
              "code": "runSteps(addExampleInTable(exampleSteps, current)",
              "err": {},
              "uuid": "ac20da84-9d54-4455-a0e9-d98338656e16",
              "parentUUID": "fe00e508-43d9-40ae-a907-bea0ca533b8a",
              "isHook": false,
              "skipped": false
            },
            {
              "title": "Should create publication on flow, client should comment on it and send pricing to interacted client {\"client\":\"hubert1\",\"ideaType\":\"forward\",\"formula\":\"\",\"description\":\"forward description\",\"title\":\"Forward title E2E\",\"exchangeRate\":\"10\",\"notional\":\"\",\"notionalCurrency\":\"\",\"notionalCurrency1\":\"5\",\"notionalCurrency2\":\"15\",\"notificationNumber\":\"1\"}",
              "fullTitle": "Creating a Publication Should create publication on flow, client should comment on it and send pricing to interacted client {\"client\":\"hubert1\",\"ideaType\":\"forward\",\"formula\":\"\",\"description\":\"forward description\",\"title\":\"Forward title E2E\",\"exchangeRate\":\"10\",\"notional\":\"\",\"notionalCurrency\":\"\",\"notionalCurrency1\":\"5\",\"notionalCurrency2\":\"15\",\"notificationNumber\":\"1\"}",
              "timedOut": false,
              "duration": 33937,
              "state": "passed",
              "speed": "slow",
              "pass": true,
              "fail": false,
              "pending": false,
              "context": null,
              "code": "runSteps(addExampleInTable(exampleSteps, current)",
              "err": {},
              "uuid": "fc445d4b-fd08-4230-87c8-8e37c3a1a722",
              "parentUUID": "fe00e508-43d9-40ae-a907-bea0ca533b8a",
              "isHook": false,
              "skipped": false
            },
            {
              "title": "Should create publication on flow, open analytics and search for client, then send pricing to found client {\"client\":\"hubert1\",\"ideaType\":\"option\",\"formula\":\"Some formula\",\"description\":\"option description\",\"title\":\"Option title E2E\",\"exchangeRate\":\"\",\"notional\":\"100\",\"notionalCurrency\":\"GBP\",\"notionalCurrency1\":\"\",\"notionalCurrency2\":\"\",\"notificationNumber\":\"1\"}",
              "fullTitle": "Creating a Publication Should create publication on flow, open analytics and search for client, then send pricing to found client {\"client\":\"hubert1\",\"ideaType\":\"option\",\"formula\":\"Some formula\",\"description\":\"option description\",\"title\":\"Option title E2E\",\"exchangeRate\":\"\",\"notional\":\"100\",\"notionalCurrency\":\"GBP\",\"notionalCurrency1\":\"\",\"notionalCurrency2\":\"\",\"notificationNumber\":\"1\"}",
              "timedOut": false,
              "duration": 35020,
              "state": "passed",
              "speed": "slow",
              "pass": true,
              "fail": false,
              "pending": false,
              "context": null,
              "code": "runSteps(addExampleInTable(exampleSteps, current)",
              "err": {},
              "uuid": "90e4a018-761f-421d-82a0-c045ad255584",
              "parentUUID": "fe00e508-43d9-40ae-a907-bea0ca533b8a",
              "isHook": false,
              "skipped": false
            },
            {
              "title": "Should create publication on flow, open analytics and search for client, then send pricing to found client {\"client\":\"hubert1\",\"ideaType\":\"spot\",\"formula\":\"\",\"description\":\"spot description\",\"title\":\"Spot title E2E\",\"exchangeRate\":\"10\",\"notional\":\"\",\"notionalCurrency\":\"\",\"notionalCurrency1\":\"10\",\"notionalCurrency2\":\"20\",\"notificationNumber\":\"1\"}",
              "fullTitle": "Creating a Publication Should create publication on flow, open analytics and search for client, then send pricing to found client {\"client\":\"hubert1\",\"ideaType\":\"spot\",\"formula\":\"\",\"description\":\"spot description\",\"title\":\"Spot title E2E\",\"exchangeRate\":\"10\",\"notional\":\"\",\"notionalCurrency\":\"\",\"notionalCurrency1\":\"10\",\"notionalCurrency2\":\"20\",\"notificationNumber\":\"1\"}",
              "timedOut": false,
              "duration": 29911,
              "state": "passed",
              "speed": "slow",
              "pass": true,
              "fail": false,
              "pending": false,
              "context": null,
              "code": "runSteps(addExampleInTable(exampleSteps, current)",
              "err": {},
              "uuid": "d54b7b7f-ac6d-4490-949f-07c233699e3a",
              "parentUUID": "fe00e508-43d9-40ae-a907-bea0ca533b8a",
              "isHook": false,
              "skipped": false
            },
            {
              "title": "Should create publication on flow, open analytics and search for client, then send pricing to found client {\"client\":\"hubert1\",\"ideaType\":\"forward\",\"formula\":\"\",\"description\":\"forward description\",\"title\":\"Forward title E2E\",\"exchangeRate\":\"10\",\"notional\":\"\",\"notionalCurrency\":\"\",\"notionalCurrency1\":\"5\",\"notionalCurrency2\":\"15\",\"notificationNumber\":\"1\"}",
              "fullTitle": "Creating a Publication Should create publication on flow, open analytics and search for client, then send pricing to found client {\"client\":\"hubert1\",\"ideaType\":\"forward\",\"formula\":\"\",\"description\":\"forward description\",\"title\":\"Forward title E2E\",\"exchangeRate\":\"10\",\"notional\":\"\",\"notionalCurrency\":\"\",\"notionalCurrency1\":\"5\",\"notionalCurrency2\":\"15\",\"notificationNumber\":\"1\"}",
              "timedOut": false,
              "duration": 30364,
              "state": "passed",
              "speed": "slow",
              "pass": true,
              "fail": false,
              "pending": false,
              "context": null,
              "code": "runSteps(addExampleInTable(exampleSteps, current)",
              "err": {},
              "uuid": "1746b56b-b1e5-4fad-831f-ab2cebbdb117",
              "parentUUID": "fe00e508-43d9-40ae-a907-bea0ca533b8a",
              "isHook": false,
              "skipped": false
            }
          ],
          "suites": [],
          "passes": [
            "e166d0d8-49f3-4985-b964-9815562b68b4",
            "849f5b92-e309-4a0a-b6c0-51ba1f1d844d",
            "319d81b5-6c5d-4626-8247-a68ea8c42dd3",
            "b63adf83-94e0-4bbc-8a7b-9daa3d77d5e5",
            "ac20da84-9d54-4455-a0e9-d98338656e16",
            "fc445d4b-fd08-4230-87c8-8e37c3a1a722",
            "90e4a018-761f-421d-82a0-c045ad255584",
            "d54b7b7f-ac6d-4490-949f-07c233699e3a",
            "1746b56b-b1e5-4fad-831f-ab2cebbdb117"
          ],
          "failures": [],
          "pending": [],
          "skipped": [],
          "duration": 329162,
          "root": false,
          "rootEmpty": false,
          "_timeout": 0
        }
      ],
      "passes": [],
      "failures": [],
      "pending": [],
      "skipped": [],
      "duration": 0,
      "root": true,
      "rootEmpty": true,
      "_timeout": 0
    }
  ],
  "meta": {
    "mocha": {
      "version": "8.1.3"
    },
    "mochawesome": {
      "options": {
        "quiet": false,
        "reportFilename": "mochawesome",
        "saveHtml": true,
        "saveJson": true,
        "consoleReporter": "spec",
        "useInlineDiffs": false,
        "code": true
      },
      "version": "6.1.1"
    },
    "marge": {
      "options": {
        "reportDir": "output"
      },
      "version": "5.1.0"
    }
  }
}